2022-11-19 16:56:50.214003: I tensorflow/core/platform/cpu_feature_guard.cc:193] This TensorFlow binary is optimized with oneAPI Deep Neural Network Library (oneDNN) to use the following CPU instructions in performance-critical operations:  AVX2 AVX512F AVX512_VNNI FMA
To enable them in other operations, rebuild TensorFlow with the appropriate compiler flags.
2022-11-19 16:56:50.339074: I tensorflow/core/util/util.cc:169] oneDNN custom operations are on. You may see slightly different numerical results due to floating-point round-off errors from different computation orders. To turn them off, set the environment variable `TF_ENABLE_ONEDNN_OPTS=0`.
2022-11-19 16:56:50.372724: E tensorflow/stream_executor/cuda/cuda_blas.cc:2981] Unable to register cuBLAS factory: Attempting to register factory for plugin cuBLAS when one has already been registered
2022-11-19 16:56:51.343615: W tensorflow/stream_executor/platform/default/dso_loader.cc:64] Could not load dynamic library 'libnvinfer.so.7'; dlerror: libnvinfer.so.7: cannot open shared object file: No such file or directory; LD_LIBRARY_PATH: /home/dje4001/.conda/envs/DEEPLABCUT_GUI/lib:/software/spack/opt/spack/linux-centos7-haswell/gcc-4.8.5/gcc-8.2.0-7ox3vie77j5uxb2bbiea7pcj5m5f4wjh/lib64:/software/spack/opt/spack/linux-centos7-haswell/gcc-4.8.5/gcc-8.2.0-7ox3vie77j5uxb2bbiea7pcj5m5f4wjh/lib:/software/apps/cuda/11.3.1/lib64
2022-11-19 16:56:51.343697: W tensorflow/stream_executor/platform/default/dso_loader.cc:64] Could not load dynamic library 'libnvinfer_plugin.so.7'; dlerror: libnvinfer_plugin.so.7: cannot open shared object file: No such file or directory; LD_LIBRARY_PATH: /home/dje4001/.conda/envs/DEEPLABCUT_GUI/lib:/software/spack/opt/spack/linux-centos7-haswell/gcc-4.8.5/gcc-8.2.0-7ox3vie77j5uxb2bbiea7pcj5m5f4wjh/lib64:/software/spack/opt/spack/linux-centos7-haswell/gcc-4.8.5/gcc-8.2.0-7ox3vie77j5uxb2bbiea7pcj5m5f4wjh/lib:/software/apps/cuda/11.3.1/lib64
2022-11-19 16:56:51.343707: W tensorflow/compiler/tf2tensorrt/utils/py_utils.cc:38] TF-TRT Warning: Cannot dlopen some TensorRT libraries. If you would like to use Nvidia GPU with TensorRT, please make sure the missing libraries mentioned above are installed properly.
2022-11-19 16:56:57.976370: W tensorflow/stream_executor/platform/default/dso_loader.cc:64] Could not load dynamic library 'libcudnn.so.8'; dlerror: libcudnn.so.8: cannot open shared object file: No such file or directory; LD_LIBRARY_PATH: /home/dje4001/.local/lib/python3.8/site-packages/cv2/../../lib64:/home/dje4001/.conda/envs/DEEPLABCUT_GUI/lib:/software/spack/opt/spack/linux-centos7-haswell/gcc-4.8.5/gcc-8.2.0-7ox3vie77j5uxb2bbiea7pcj5m5f4wjh/lib64:/software/spack/opt/spack/linux-centos7-haswell/gcc-4.8.5/gcc-8.2.0-7ox3vie77j5uxb2bbiea7pcj5m5f4wjh/lib:/software/apps/cuda/11.3.1/lib64
2022-11-19 16:56:57.976493: W tensorflow/core/common_runtime/gpu/gpu_device.cc:1934] Cannot dlopen some GPU libraries. Please make sure the missing libraries mentioned above are installed properly if you would like to use GPU. Follow the guide at https://www.tensorflow.org/install/gpu for how to download and setup the required libraries for your platform.
Skipping registering GPU devices...
2022-11-19 16:56:57.976827: I tensorflow/core/platform/cpu_feature_guard.cc:193] This TensorFlow binary is optimized with oneAPI Deep Neural Network Library (oneDNN) to use the following CPU instructions in performance-critical operations:  AVX2 AVX512F AVX512_VNNI FMA
To enable them in other operations, rebuild TensorFlow with the appropriate compiler flags.
2022-11-19 16:56:58.006056: I tensorflow/compiler/mlir/mlir_graph_optimization_pass.cc:354] MLIR V1 optimization pass is not enabled
/home/dje4001/.conda/envs/DEEPLABCUT_GUI/lib/python3.8/site-packages/tensorflow/python/keras/engine/base_layer_v1.py:1694: UserWarning: `layer.apply` is deprecated and will be removed in a future version. Please use `layer.__call__` method instead.
  warnings.warn('`layer.apply` is deprecated and '
Loading DLC 2.2.3...
Using snapshot-1000 for model /athena/listonlab/scratch/dje4001/deeplabcut_David/BB0046_TMT-DavidEstrin-2022-11-17/dlc-models/iteration-0/BB0046_TMTNov17-trainset95shuffle1
Activating extracting of PAFs
Starting to analyze %  /athena/listonlab/scratch/dje4001/deeplabcut_David/BB0046_TMT-DavidEstrin-2022-11-17/test_video/Date_07_24_2022_07_07_01_1_1442335_10800_right_cut_male_30g_09_20_1990_fostrap_aavrghsyndiotdtomato_habituation11.mp4
Loading  /athena/listonlab/scratch/dje4001/deeplabcut_David/BB0046_TMT-DavidEstrin-2022-11-17/test_video/Date_07_24_2022_07_07_01_1_1442335_10800_right_cut_male_30g_09_20_1990_fostrap_aavrghsyndiotdtomato_habituation11.mp4
Duration of video [s]:  3241.6 , recorded with  10.0 fps!
Overall # of frames:  32416  found with (before cropping) frame dimensions:  1280 720
Starting to extract posture from the video(s) with batchsize: 300

  0%|          | 0/32416 [00:00<?, ?it/s]
  0%|          | 1/32416 [00:00<4:55:25,  1.83it/s]
  0%|          | 12/32416 [00:00<22:45, 23.73it/s] 
  0%|          | 23/32416 [00:00<12:37, 42.76it/s]
  0%|          | 34/32416 [00:00<09:13, 58.53it/s]
  0%|          | 45/32416 [00:00<07:35, 71.09it/s]
  0%|          | 56/32416 [00:01<06:41, 80.66it/s]
  0%|          | 67/32416 [00:01<06:07, 87.93it/s]
  0%|          | 78/32416 [00:01<05:52, 91.85it/s]
  0%|          | 89/32416 [00:01<05:36, 96.03it/s]
  0%|          | 100/32416 [00:01<05:26, 98.86it/s]
  0%|          | 111/32416 [00:01<05:19, 101.03it/s]
  0%|          | 122/32416 [00:01<05:15, 102.40it/s]
  0%|          | 133/32416 [00:01<05:15, 102.39it/s]
  0%|          | 144/32416 [00:01<05:10, 103.91it/s]
  0%|          | 155/32416 [00:02<05:07, 104.80it/s]
  1%|          | 166/32416 [00:02<05:05, 105.40it/s]
  1%|          | 177/32416 [00:02<05:04, 106.03it/s]
  1%|          | 188/32416 [00:02<05:02, 106.46it/s]
  1%|          | 199/32416 [00:02<05:06, 104.99it/s]
  1%|          | 210/32416 [00:02<05:04, 105.64it/s]
  1%|          | 221/32416 [00:02<05:05, 105.55it/s]
  1%|          | 232/32416 [00:02<05:03, 106.16it/s]
  1%|          | 243/32416 [00:02<05:02, 106.41it/s]
  1%|          | 254/32416 [00:02<05:05, 105.25it/s]
  1%|          | 265/32416 [00:03<05:03, 105.96it/s]
  1%|          | 276/32416 [00:03<05:02, 106.33it/s]
  1%|          | 287/32416 [00:03<05:04, 105.46it/s]
  1%|          | 298/32416 [00:03<05:03, 105.86it/s]
  1%|          | 299/32416 [00:20<05:03, 105.86it/s]
